2024-07-04 14:14:33,467 [Worker-2: Loading available Gradle versions] INFO  o.e.b.c.i.u.g.PublishedGradleVersions - Gradle version information cache is up-to-date. Trying to read.
2024-07-04 14:14:33,602 [Worker-0: Executing the early startup extensions] INFO  c.b.BrowserStackPluginActivator - Starting BrowserStack Plugin...
2024-07-04 14:14:51,657 [Worker-11: Building] INFO  o.e.m.c.i.l.LifecycleMappingFactory - Using org.eclipse.m2e.jdt.JarLifecycleMapping lifecycle mapping for MavenProject: com.automation:MobileTestAutomation:0.0.1-SNAPSHOT @ E:\MobileTestAutomationFramework\MobileTestAutomation\pom.xml.
2024-07-04 14:14:54,339 [Worker-9: Updating Maven Dependencies] INFO  o.e.m.c.i.l.LifecycleMappingFactory - Using org.eclipse.m2e.jdt.JarLifecycleMapping lifecycle mapping for MavenProject: com.automation:MobileTestAutomation:0.0.1-SNAPSHOT @ E:\MobileTestAutomationFramework\MobileTestAutomation\pom.xml.
2024-07-04 14:14:54,654 [Worker-11: Building] INFO  o.a.m.s.f.DefaultMavenResourcesFiltering - Copying 0 resource
2024-07-04 14:14:54,661 [Worker-11: Building] INFO  o.a.m.s.f.DefaultMavenResourcesFiltering - Copying 0 resource
2024-07-04 14:19:27,771 [Worker-16: Building] INFO  o.a.m.s.f.DefaultMavenResourcesFiltering - Copying 0 resource
2024-07-04 14:19:27,776 [Worker-16: Building] INFO  o.a.m.s.f.DefaultMavenResourcesFiltering - Copying 0 resource
2024-07-04 14:44:27,305 [main] INFO  c.b.a.BrowserStackPropertyTester - Testing : isBrowserStackEnabled
2024-07-04 14:44:27,306 [main] INFO  c.b.BrowserStackPluginActivator - Prefs Keys []
2024-07-04 14:44:27,311 [main] INFO  c.b.a.BrowserStackPropertyTester - Validation Result isBrowserStackEnabled : true P/MobileTestAutomation
2024-07-04 14:44:27,313 [main] INFO  c.b.a.BrowserStackPropertyTester - Testing : isBrowserStackDisabled
2024-07-04 14:44:27,313 [main] INFO  c.b.BrowserStackPluginActivator - Prefs Keys []
2024-07-04 14:44:27,318 [main] INFO  c.b.a.BrowserStackPropertyTester - Validation Result isBrowserStackDisabled : false P/MobileTestAutomation
2024-07-04 14:46:44,984 [Worker-16: Building] INFO  o.a.m.s.f.DefaultMavenResourcesFiltering - Copying 0 resource
2024-07-04 14:46:44,986 [Worker-16: Building] INFO  o.a.m.s.f.DefaultMavenResourcesFiltering - Copying 0 resource
2024-07-04 14:46:52,962 [Worker-26: Building] INFO  o.a.m.s.f.DefaultMavenResourcesFiltering - Copying 0 resource
2024-07-04 14:46:52,964 [Worker-26: Building] INFO  o.a.m.s.f.DefaultMavenResourcesFiltering - Copying 0 resource
2024-07-04 14:47:02,696 [Worker-25: Building] INFO  o.a.m.s.f.DefaultMavenResourcesFiltering - Copying 0 resource
2024-07-04 14:47:02,699 [Worker-25: Building] INFO  o.a.m.s.f.DefaultMavenResourcesFiltering - Copying 0 resource
2024-07-04 14:47:13,215 [main] INFO  c.b.a.BrowserStackPropertyTester - Testing : isBrowserStackEnabled
2024-07-04 14:47:13,216 [main] INFO  c.b.BrowserStackPluginActivator - Prefs Keys []
2024-07-04 14:47:13,219 [main] INFO  c.b.a.BrowserStackPropertyTester - Validation Result isBrowserStackEnabled : true P/MobileTestAutomation
2024-07-04 14:47:13,221 [main] INFO  c.b.a.BrowserStackPropertyTester - Testing : isBrowserStackDisabled
2024-07-04 14:47:13,221 [main] INFO  c.b.BrowserStackPluginActivator - Prefs Keys []
2024-07-04 14:47:13,224 [main] INFO  c.b.a.BrowserStackPropertyTester - Validation Result isBrowserStackDisabled : false P/MobileTestAutomation
2024-07-04 14:47:40,129 [main] INFO  c.b.a.BrowserStackPropertyTester - Testing : isBrowserStackEnabled
2024-07-04 14:47:40,130 [main] INFO  c.b.BrowserStackPluginActivator - Prefs Keys []
2024-07-04 14:47:40,134 [main] INFO  c.b.a.BrowserStackPropertyTester - Validation Result isBrowserStackEnabled : true P/MobileTestAutomation
2024-07-04 14:47:40,136 [main] INFO  c.b.a.BrowserStackPropertyTester - Testing : isBrowserStackDisabled
2024-07-04 14:47:40,136 [main] INFO  c.b.BrowserStackPluginActivator - Prefs Keys []
2024-07-04 14:47:40,139 [main] INFO  c.b.a.BrowserStackPropertyTester - Validation Result isBrowserStackDisabled : false P/MobileTestAutomation
2024-07-04 14:47:44,019 [Worker-26: Launching Executing test in E__MobileTestAutomationFramework_MobileTestAutomation] INFO  o.eclipse.m2e.core.internal.Bundles - getClasspathEntries(Bundle=org.eclipse.m2e.maven.runtime_3.9.100.20230519-1558 [288])
2024-07-04 14:47:44,022 [Worker-26: Launching Executing test in E__MobileTestAutomationFramework_MobileTestAutomation] INFO  o.eclipse.m2e.core.internal.Bundles - 	Entry: C:\Users\amal.mh\.p2\pool\plugins\org.eclipse.m2e.maven.runtime_3.9.100.20230519-1558
2024-07-04 14:47:44,023 [Worker-26: Launching Executing test in E__MobileTestAutomationFramework_MobileTestAutomation] INFO  o.eclipse.m2e.core.internal.Bundles - 	Entry: C:\Users\amal.mh\.p2\pool\plugins\org.eclipse.m2e.maven.runtime_3.9.100.20230519-1558\jars\aether-connector-okhttp-0.17.8.jar
2024-07-04 14:47:44,023 [Worker-26: Launching Executing test in E__MobileTestAutomationFramework_MobileTestAutomation] INFO  o.eclipse.m2e.core.internal.Bundles - 	Entry: C:\Users\amal.mh\.p2\pool\plugins\org.eclipse.m2e.maven.runtime_3.9.100.20230519-1558\jars\aopalliance-1.0.jar
2024-07-04 14:47:44,023 [Worker-26: Launching Executing test in E__MobileTestAutomationFramework_MobileTestAutomation] INFO  o.eclipse.m2e.core.internal.Bundles - 	Entry: C:\Users\amal.mh\.p2\pool\plugins\org.eclipse.m2e.maven.runtime_3.9.100.20230519-1558\jars\commons-lang3-3.8.1.jar
2024-07-04 14:47:44,024 [Worker-26: Launching Executing test in E__MobileTestAutomationFramework_MobileTestAutomation] INFO  o.eclipse.m2e.core.internal.Bundles - 	Entry: C:\Users\amal.mh\.p2\pool\plugins\org.eclipse.m2e.maven.runtime_3.9.100.20230519-1558\jars\failureaccess-1.0.1.jar
2024-07-04 14:47:44,024 [Worker-26: Launching Executing test in E__MobileTestAutomationFramework_MobileTestAutomation] INFO  o.eclipse.m2e.core.internal.Bundles - 	Entry: C:\Users\amal.mh\.p2\pool\plugins\org.eclipse.m2e.maven.runtime_3.9.100.20230519-1558\jars\guava-30.1-jre.jar
2024-07-04 14:47:44,024 [Worker-26: Launching Executing test in E__MobileTestAutomationFramework_MobileTestAutomation] INFO  o.eclipse.m2e.core.internal.Bundles - 	Entry: C:\Users\amal.mh\.p2\pool\plugins\org.eclipse.m2e.maven.runtime_3.9.100.20230519-1558\jars\guice-5.1.0.jar
2024-07-04 14:47:44,024 [Worker-26: Launching Executing test in E__MobileTestAutomationFramework_MobileTestAutomation] INFO  o.eclipse.m2e.core.internal.Bundles - 	Entry: C:\Users\amal.mh\.p2\pool\plugins\org.eclipse.m2e.maven.runtime_3.9.100.20230519-1558\jars\jansi-2.4.0.jar
2024-07-04 14:47:44,025 [Worker-26: Launching Executing test in E__MobileTestAutomationFramework_MobileTestAutomation] INFO  o.eclipse.m2e.core.internal.Bundles - 	Entry: C:\Users\amal.mh\.p2\pool\plugins\org.eclipse.m2e.maven.runtime_3.9.100.20230519-1558\jars\maven-artifact-3.9.1.jar
2024-07-04 14:47:44,025 [Worker-26: Launching Executing test in E__MobileTestAutomationFramework_MobileTestAutomation] INFO  o.eclipse.m2e.core.internal.Bundles - 	Entry: C:\Users\amal.mh\.p2\pool\plugins\org.eclipse.m2e.maven.runtime_3.9.100.20230519-1558\jars\maven-builder-support-3.9.1.jar
2024-07-04 14:47:44,025 [Worker-26: Launching Executing test in E__MobileTestAutomationFramework_MobileTestAutomation] INFO  o.eclipse.m2e.core.internal.Bundles - 	Entry: C:\Users\amal.mh\.p2\pool\plugins\org.eclipse.m2e.maven.runtime_3.9.100.20230519-1558\jars\maven-compat-3.9.1.jar
2024-07-04 14:47:44,025 [Worker-26: Launching Executing test in E__MobileTestAutomationFramework_MobileTestAutomation] INFO  o.eclipse.m2e.core.internal.Bundles - 	Entry: C:\Users\amal.mh\.p2\pool\plugins\org.eclipse.m2e.maven.runtime_3.9.100.20230519-1558\jars\maven-core-3.9.1.jar
2024-07-04 14:47:44,025 [Worker-26: Launching Executing test in E__MobileTestAutomationFramework_MobileTestAutomation] INFO  o.eclipse.m2e.core.internal.Bundles - 	Entry: C:\Users\amal.mh\.p2\pool\plugins\org.eclipse.m2e.maven.runtime_3.9.100.20230519-1558\jars\maven-embedder-3.9.1.jar
2024-07-04 14:47:44,025 [Worker-26: Launching Executing test in E__MobileTestAutomationFramework_MobileTestAutomation] INFO  o.eclipse.m2e.core.internal.Bundles - 	Entry: C:\Users\amal.mh\.p2\pool\plugins\org.eclipse.m2e.maven.runtime_3.9.100.20230519-1558\jars\maven-model-3.9.1.jar
2024-07-04 14:47:44,025 [Worker-26: Launching Executing test in E__MobileTestAutomationFramework_MobileTestAutomation] INFO  o.eclipse.m2e.core.internal.Bundles - 	Entry: C:\Users\amal.mh\.p2\pool\plugins\org.eclipse.m2e.maven.runtime_3.9.100.20230519-1558\jars\maven-model-builder-3.9.1.jar
2024-07-04 14:47:44,026 [Worker-26: Launching Executing test in E__MobileTestAutomationFramework_MobileTestAutomation] INFO  o.eclipse.m2e.core.internal.Bundles - 	Entry: C:\Users\amal.mh\.p2\pool\plugins\org.eclipse.m2e.maven.runtime_3.9.100.20230519-1558\jars\maven-plugin-api-3.9.1.jar
2024-07-04 14:47:44,026 [Worker-26: Launching Executing test in E__MobileTestAutomationFramework_MobileTestAutomation] INFO  o.eclipse.m2e.core.internal.Bundles - 	Entry: C:\Users\amal.mh\.p2\pool\plugins\org.eclipse.m2e.maven.runtime_3.9.100.20230519-1558\jars\maven-repository-metadata-3.9.1.jar
2024-07-04 14:47:44,026 [Worker-26: Launching Executing test in E__MobileTestAutomationFramework_MobileTestAutomation] INFO  o.eclipse.m2e.core.internal.Bundles - 	Entry: C:\Users\amal.mh\.p2\pool\plugins\org.eclipse.m2e.maven.runtime_3.9.100.20230519-1558\jars\maven-resolver-api-1.9.7.jar
2024-07-04 14:47:44,026 [Worker-26: Launching Executing test in E__MobileTestAutomationFramework_MobileTestAutomation] INFO  o.eclipse.m2e.core.internal.Bundles - 	Entry: C:\Users\amal.mh\.p2\pool\plugins\org.eclipse.m2e.maven.runtime_3.9.100.20230519-1558\jars\maven-resolver-connector-basic-1.9.7.jar
2024-07-04 14:47:44,027 [Worker-26: Launching Executing test in E__MobileTestAutomationFramework_MobileTestAutomation] INFO  o.eclipse.m2e.core.internal.Bundles - 	Entry: C:\Users\amal.mh\.p2\pool\plugins\org.eclipse.m2e.maven.runtime_3.9.100.20230519-1558\jars\maven-resolver-impl-1.9.7.jar
2024-07-04 14:47:44,027 [Worker-26: Launching Executing test in E__MobileTestAutomationFramework_MobileTestAutomation] INFO  o.eclipse.m2e.core.internal.Bundles - 	Entry: C:\Users\amal.mh\.p2\pool\plugins\org.eclipse.m2e.maven.runtime_3.9.100.20230519-1558\jars\maven-resolver-named-locks-1.9.7.jar
2024-07-04 14:47:44,027 [Worker-26: Launching Executing test in E__MobileTestAutomationFramework_MobileTestAutomation] INFO  o.eclipse.m2e.core.internal.Bundles - 	Entry: C:\Users\amal.mh\.p2\pool\plugins\org.eclipse.m2e.maven.runtime_3.9.100.20230519-1558\jars\maven-resolver-provider-3.9.1.jar
2024-07-04 14:47:44,027 [Worker-26: Launching Executing test in E__MobileTestAutomationFramework_MobileTestAutomation] INFO  o.eclipse.m2e.core.internal.Bundles - 	Entry: C:\Users\amal.mh\.p2\pool\plugins\org.eclipse.m2e.maven.runtime_3.9.100.20230519-1558\jars\maven-resolver-spi-1.9.7.jar
2024-07-04 14:47:44,027 [Worker-26: Launching Executing test in E__MobileTestAutomationFramework_MobileTestAutomation] INFO  o.eclipse.m2e.core.internal.Bundles - 	Entry: C:\Users\amal.mh\.p2\pool\plugins\org.eclipse.m2e.maven.runtime_3.9.100.20230519-1558\jars\maven-resolver-transport-wagon-1.9.7.jar
2024-07-04 14:47:44,028 [Worker-26: Launching Executing test in E__MobileTestAutomationFramework_MobileTestAutomation] INFO  o.eclipse.m2e.core.internal.Bundles - 	Entry: C:\Users\amal.mh\.p2\pool\plugins\org.eclipse.m2e.maven.runtime_3.9.100.20230519-1558\jars\maven-resolver-util-1.9.7.jar
2024-07-04 14:47:44,028 [Worker-26: Launching Executing test in E__MobileTestAutomationFramework_MobileTestAutomation] INFO  o.eclipse.m2e.core.internal.Bundles - 	Entry: C:\Users\amal.mh\.p2\pool\plugins\org.eclipse.m2e.maven.runtime_3.9.100.20230519-1558\jars\maven-settings-3.9.1.jar
2024-07-04 14:47:44,028 [Worker-26: Launching Executing test in E__MobileTestAutomationFramework_MobileTestAutomation] INFO  o.eclipse.m2e.core.internal.Bundles - 	Entry: C:\Users\amal.mh\.p2\pool\plugins\org.eclipse.m2e.maven.runtime_3.9.100.20230519-1558\jars\maven-settings-builder-3.9.1.jar
2024-07-04 14:47:44,028 [Worker-26: Launching Executing test in E__MobileTestAutomationFramework_MobileTestAutomation] INFO  o.eclipse.m2e.core.internal.Bundles - 	Entry: C:\Users\amal.mh\.p2\pool\plugins\org.eclipse.m2e.maven.runtime_3.9.100.20230519-1558\jars\maven-shared-utils-3.3.4.jar
2024-07-04 14:47:44,028 [Worker-26: Launching Executing test in E__MobileTestAutomationFramework_MobileTestAutomation] INFO  o.eclipse.m2e.core.internal.Bundles - 	Entry: C:\Users\amal.mh\.p2\pool\plugins\org.eclipse.m2e.maven.runtime_3.9.100.20230519-1558\jars\okhttp-3.14.1.jar
2024-07-04 14:47:44,029 [Worker-26: Launching Executing test in E__MobileTestAutomationFramework_MobileTestAutomation] INFO  o.eclipse.m2e.core.internal.Bundles - 	Entry: C:\Users\amal.mh\.p2\pool\plugins\org.eclipse.m2e.maven.runtime_3.9.100.20230519-1558\jars\okio-1.17.3.jar
2024-07-04 14:47:44,029 [Worker-26: Launching Executing test in E__MobileTestAutomationFramework_MobileTestAutomation] INFO  o.eclipse.m2e.core.internal.Bundles - 	Entry: C:\Users\amal.mh\.p2\pool\plugins\org.eclipse.m2e.maven.runtime_3.9.100.20230519-1558\jars\org.eclipse.sisu.inject-0.3.5.jar
2024-07-04 14:47:44,029 [Worker-26: Launching Executing test in E__MobileTestAutomationFramework_MobileTestAutomation] INFO  o.eclipse.m2e.core.internal.Bundles - 	Entry: C:\Users\amal.mh\.p2\pool\plugins\org.eclipse.m2e.maven.runtime_3.9.100.20230519-1558\jars\org.eclipse.sisu.plexus-0.3.5.jar
2024-07-04 14:47:44,029 [Worker-26: Launching Executing test in E__MobileTestAutomationFramework_MobileTestAutomation] INFO  o.eclipse.m2e.core.internal.Bundles - 	Entry: C:\Users\amal.mh\.p2\pool\plugins\org.eclipse.m2e.maven.runtime_3.9.100.20230519-1558\jars\plexus-build-api-0.0.7.jar
2024-07-04 14:47:44,030 [Worker-26: Launching Executing test in E__MobileTestAutomationFramework_MobileTestAutomation] INFO  o.eclipse.m2e.core.internal.Bundles - 	Entry: C:\Users\amal.mh\.p2\pool\plugins\org.eclipse.m2e.maven.runtime_3.9.100.20230519-1558\jars\plexus-cipher-2.0.jar
2024-07-04 14:47:44,030 [Worker-26: Launching Executing test in E__MobileTestAutomationFramework_MobileTestAutomation] INFO  o.eclipse.m2e.core.internal.Bundles - 	Entry: C:\Users\amal.mh\.p2\pool\plugins\org.eclipse.m2e.maven.runtime_3.9.100.20230519-1558\jars\plexus-classworlds-2.6.0.jar
2024-07-04 14:47:44,030 [Worker-26: Launching Executing test in E__MobileTestAutomationFramework_MobileTestAutomation] INFO  o.eclipse.m2e.core.internal.Bundles - 	Entry: C:\Users\amal.mh\.p2\pool\plugins\org.eclipse.m2e.maven.runtime_3.9.100.20230519-1558\jars\plexus-component-annotations-2.1.0.jar
2024-07-04 14:47:44,030 [Worker-26: Launching Executing test in E__MobileTestAutomationFramework_MobileTestAutomation] INFO  o.eclipse.m2e.core.internal.Bundles - 	Entry: C:\Users\amal.mh\.p2\pool\plugins\org.eclipse.m2e.maven.runtime_3.9.100.20230519-1558\jars\plexus-interpolation-1.26.jar
2024-07-04 14:47:44,031 [Worker-26: Launching Executing test in E__MobileTestAutomationFramework_MobileTestAutomation] INFO  o.eclipse.m2e.core.internal.Bundles - 	Entry: C:\Users\amal.mh\.p2\pool\plugins\org.eclipse.m2e.maven.runtime_3.9.100.20230519-1558\jars\plexus-sec-dispatcher-2.0.jar
2024-07-04 14:47:44,031 [Worker-26: Launching Executing test in E__MobileTestAutomationFramework_MobileTestAutomation] INFO  o.eclipse.m2e.core.internal.Bundles - 	Entry: C:\Users\amal.mh\.p2\pool\plugins\org.eclipse.m2e.maven.runtime_3.9.100.20230519-1558\jars\plexus-utils-3.5.1.jar
2024-07-04 14:47:44,031 [Worker-26: Launching Executing test in E__MobileTestAutomationFramework_MobileTestAutomation] INFO  o.eclipse.m2e.core.internal.Bundles - 	Entry: C:\Users\amal.mh\.p2\pool\plugins\org.eclipse.m2e.maven.runtime_3.9.100.20230519-1558\jars\wagon-file-3.5.3.jar
2024-07-04 14:47:44,031 [Worker-26: Launching Executing test in E__MobileTestAutomationFramework_MobileTestAutomation] INFO  o.eclipse.m2e.core.internal.Bundles - 	Entry: C:\Users\amal.mh\.p2\pool\plugins\org.eclipse.m2e.maven.runtime_3.9.100.20230519-1558\jars\wagon-provider-api-3.5.3.jar
2024-07-04 14:47:44,032 [Worker-26: Launching Executing test in E__MobileTestAutomationFramework_MobileTestAutomation] INFO  o.eclipse.m2e.core.internal.Bundles - getClasspathEntries(Bundle=com.google.guava_32.1.2.jre [517])
2024-07-04 14:47:44,033 [Worker-26: Launching Executing test in E__MobileTestAutomationFramework_MobileTestAutomation] INFO  o.eclipse.m2e.core.internal.Bundles - 	Entry: C:\Users\amal.mh\.p2\pool\plugins\com.google.guava_32.1.2.jre.jar
2024-07-04 14:47:44,033 [Worker-26: Launching Executing test in E__MobileTestAutomationFramework_MobileTestAutomation] INFO  o.eclipse.m2e.core.internal.Bundles - getClasspathEntries(Bundle=slf4j.api_1.7.36 [516])
2024-07-04 14:47:44,036 [Worker-26: Launching Executing test in E__MobileTestAutomationFramework_MobileTestAutomation] INFO  o.eclipse.m2e.core.internal.Bundles - 	Entry: C:\Users\amal.mh\.p2\pool\plugins\slf4j.api_1.7.36.jar
2024-07-04 14:47:44,036 [Worker-26: Launching Executing test in E__MobileTestAutomationFramework_MobileTestAutomation] INFO  o.eclipse.m2e.core.internal.Bundles - getClasspathEntries(Bundle=javax.inject_1.0.0.v20220405-0441 [25])
2024-07-04 14:47:44,037 [Worker-26: Launching Executing test in E__MobileTestAutomationFramework_MobileTestAutomation] INFO  o.eclipse.m2e.core.internal.Bundles - 	Entry: C:\Users\amal.mh\.p2\pool\plugins\javax.inject_1.0.0.v20220405-0441.jar
2024-07-04 14:47:44,037 [Worker-26: Launching Executing test in E__MobileTestAutomationFramework_MobileTestAutomation] INFO  o.eclipse.m2e.core.internal.Bundles - getClasspathEntries(Bundle=javax.annotation_1.3.5.v20230504-0748 [23])
2024-07-04 14:47:44,038 [Worker-26: Launching Executing test in E__MobileTestAutomationFramework_MobileTestAutomation] INFO  o.eclipse.m2e.core.internal.Bundles - 	Entry: C:\Users\amal.mh\.p2\pool\plugins\javax.annotation_1.3.5.v20230504-0748.jar
2024-07-04 14:47:44,038 [Worker-26: Launching Executing test in E__MobileTestAutomationFramework_MobileTestAutomation] INFO  o.eclipse.m2e.core.internal.Bundles - getClasspathEntries(Bundle=org.apache.commons.cli_1.5.0 [47])
2024-07-04 14:47:44,039 [Worker-26: Launching Executing test in E__MobileTestAutomationFramework_MobileTestAutomation] INFO  o.eclipse.m2e.core.internal.Bundles - 	Entry: C:\Users\amal.mh\.p2\pool\plugins\org.apache.commons.cli_1.5.0.jar
2024-07-04 14:47:44,039 [Worker-26: Launching Executing test in E__MobileTestAutomationFramework_MobileTestAutomation] INFO  o.eclipse.m2e.core.internal.Bundles - getClasspathEntries(Bundle=com.google.guava.failureaccess_1.0.1 [12])
2024-07-04 14:47:44,040 [Worker-26: Launching Executing test in E__MobileTestAutomationFramework_MobileTestAutomation] INFO  o.eclipse.m2e.core.internal.Bundles - 	Entry: C:\Users\amal.mh\.p2\pool\plugins\com.google.guava.failureaccess_1.0.1.jar
2024-07-04 14:47:44,043 [Worker-26: Launching Executing test in E__MobileTestAutomationFramework_MobileTestAutomation] INFO  o.e.m.i.launch.MavenLaunchDelegate - Run build in "E:\MobileTestAutomationFramework\MobileTestAutomation":
2024-07-04 14:47:44,045 [Worker-26: Launching Executing test in E__MobileTestAutomationFramework_MobileTestAutomation] INFO  o.e.m.i.launch.MavenLaunchDelegate -  mvn  -B -Dstyle.color=always test
2024-07-04 14:48:42,778 [Worker-26: Building] INFO  o.a.m.s.f.DefaultMavenResourcesFiltering - Copying 0 resource
2024-07-04 14:48:42,781 [Worker-26: Building] INFO  o.a.m.s.f.DefaultMavenResourcesFiltering - Copying 0 resource
2024-07-04 15:27:02,943 [main] WARN  org.eclipse.jgit.util.FS - Exception caught during execution of command '[C:\Users\amal.mh\AppData\Local\Microsoft\WindowsApps\git.exe, --version]' in 'C:\Users\amal.mh\AppData\Local\Microsoft\WindowsApps', return code '1', error message 'error launching git: The system cannot find the path specified.
'
2024-07-04 15:39:22,359 [main] INFO  c.b.a.BrowserStackPropertyTester - Testing : isBrowserStackEnabled
2024-07-04 15:39:22,359 [main] INFO  c.b.BrowserStackPluginActivator - Prefs Keys []
2024-07-04 15:39:22,363 [main] INFO  c.b.a.BrowserStackPropertyTester - Validation Result isBrowserStackEnabled : true P/MobileTestAutomation
2024-07-04 15:39:22,365 [main] INFO  c.b.a.BrowserStackPropertyTester - Testing : isBrowserStackDisabled
2024-07-04 15:39:22,366 [main] INFO  c.b.BrowserStackPluginActivator - Prefs Keys []
2024-07-04 15:39:22,370 [main] INFO  c.b.a.BrowserStackPropertyTester - Validation Result isBrowserStackDisabled : false P/MobileTestAutomation
2024-07-04 15:48:38,544 [main] INFO  c.b.a.BrowserStackPropertyTester - Testing : isBrowserStackEnabled
2024-07-04 15:48:38,544 [main] INFO  c.b.BrowserStackPluginActivator - Prefs Keys []
2024-07-04 15:48:38,546 [main] INFO  c.b.a.BrowserStackPropertyTester - Validation Result isBrowserStackEnabled : true P/MobileTestAutomation
2024-07-04 15:48:38,547 [main] INFO  c.b.a.BrowserStackPropertyTester - Testing : isBrowserStackDisabled
2024-07-04 15:48:38,547 [main] INFO  c.b.BrowserStackPluginActivator - Prefs Keys []
2024-07-04 15:48:38,548 [main] INFO  c.b.a.BrowserStackPropertyTester - Validation Result isBrowserStackDisabled : false P/MobileTestAutomation
2024-07-04 15:48:49,735 [main] INFO  c.b.a.BrowserStackPropertyTester - Testing : isBrowserStackEnabled
2024-07-04 15:48:49,735 [main] INFO  c.b.BrowserStackPluginActivator - Prefs Keys []
2024-07-04 15:48:49,736 [main] INFO  c.b.a.BrowserStackPropertyTester - Validation Result isBrowserStackEnabled : true P/MobileTestAutomation
2024-07-04 15:48:49,737 [main] INFO  c.b.a.BrowserStackPropertyTester - Testing : isBrowserStackDisabled
2024-07-04 15:48:49,737 [main] INFO  c.b.BrowserStackPluginActivator - Prefs Keys []
2024-07-04 15:48:49,739 [main] INFO  c.b.a.BrowserStackPropertyTester - Validation Result isBrowserStackDisabled : false P/MobileTestAutomation
2024-07-04 16:14:57,708 [main] INFO  c.b.a.BrowserStackPropertyTester - Testing : isBrowserStackEnabled
2024-07-04 16:14:57,709 [main] INFO  c.b.BrowserStackPluginActivator - Prefs Keys []
2024-07-04 16:14:57,711 [main] INFO  c.b.a.BrowserStackPropertyTester - Validation Result isBrowserStackEnabled : true P/MobileAutomationFramework
2024-07-04 16:14:57,711 [main] INFO  c.b.a.BrowserStackPropertyTester - Testing : isBrowserStackDisabled
2024-07-04 16:14:57,712 [main] INFO  c.b.BrowserStackPluginActivator - Prefs Keys []
2024-07-04 16:14:57,714 [main] INFO  c.b.a.BrowserStackPropertyTester - Validation Result isBrowserStackDisabled : false P/MobileAutomationFramework
2024-07-04 16:58:17,729 [Framework stop - Equinox Container: 6621c2c3-2f9e-4e9f-a1e4-97b36d8c246e] INFO  c.b.BrowserStackPluginActivator - Stopping BrowserStack Plugin...
2024-07-05 09:14:15,951 [Worker-3: Loading available Gradle versions] INFO  o.e.b.c.i.u.g.PublishedGradleVersions - Gradle version information cache is out-of-date. Trying to update.
2024-07-05 09:14:16,292 [Worker-4: Executing the early startup extensions] INFO  c.b.BrowserStackPluginActivator - Starting BrowserStack Plugin...
